----------------
BEA
----------------
['ENO', 'ENAME']
[[ 0. 60. 30.  0.]
 [ 0. 30. 30.  0.]
 [ 0. 30. 30.  0.]
 [ 0. 60. 30.  0.]
 [ 0. 30. 30.  0.]]

Cont score: [12600.0, 9000.0, 9000.0]
Best pos: 0
['PNO', 'ENO', 'ENAME']
[[ 0. 30. 60. 30.  0.]
 [ 0. 30. 30. 30.  0.]
 [ 0. 30. 30. 30.  0.]
 [ 0. 30. 60. 30.  0.]
 [ 0. 30. 30. 30.  0.]]

Cont score: [12600.0, 19800.0, 19800.0, 12600.0]
Best pos: 1
['PNO', 'DUR', 'ENO', 'ENAME']
[[ 0. 30. 60. 60. 30.  0.]
 [ 0. 30. 30. 30. 30.  0.]
 [ 0. 30. 30. 30. 30.  0.]
 [ 0. 30. 60. 60. 30.  0.]
 [ 0. 30. 30. 30. 30.  0.]]

Cont score: [9000.0, 9000.0, 5400.0, 9000.0, 9000.0]
Best pos: 0
['RESP', 'PNO', 'DUR', 'ENO', 'ENAME']
[[ 0. 30. 30. 60. 60. 30.  0.]
 [ 0. 30. 30. 30. 30. 30.  0.]
 [ 0. 30. 30. 30. 30. 30.  0.]
 [ 0. 30. 30. 60. 60. 30.  0.]
 [ 0. 30. 30. 30. 30. 30.  0.]]

----------------
SPLIT
----------------

['RESP', 'PNO', 'DUR', 'ENO', 'ENAME']

TA: ['RESP', 'PNO', 'DUR', 'ENO']
BA: ['ENAME']
CTQ: 30, CBQ: 0, COQ: 30
 result: -900

TA: ['RESP', 'PNO', 'DUR']
BA: ['ENO', 'ENAME']
CTQ: 0, CBQ: 0, COQ: 60
 result: -3600

TA: ['RESP', 'PNO']
BA: ['DUR', 'ENO', 'ENAME']
CTQ: 0, CBQ: 30, COQ: 30
 result: -900

TA: ['RESP']
BA: ['PNO', 'DUR', 'ENO', 'ENAME']
CTQ: 0, CBQ: 30, COQ: 30
 result: -900
----------------

['PNO', 'DUR', 'ENO', 'ENAME', 'RESP']

TA: ['PNO', 'DUR', 'ENO']
BA: ['ENAME', 'RESP']
CTQ: 30, CBQ: 0, COQ: 30
 result: -900

TA: ['PNO', 'DUR']
BA: ['ENO', 'ENAME', 'RESP']
CTQ: 0, CBQ: 0, COQ: 60
 result: -3600

TA: ['PNO']
BA: ['DUR', 'ENO', 'ENAME', 'RESP']
CTQ: 0, CBQ: 30, COQ: 30
 result: -900
----------------

['DUR', 'ENO', 'ENAME', 'RESP', 'PNO']

TA: ['DUR', 'ENO', 'ENAME']
BA: ['RESP', 'PNO']
CTQ: 30, CBQ: 0, COQ: 30
 result: -900

TA: ['DUR', 'ENO']
BA: ['ENAME', 'RESP', 'PNO']
CTQ: 30, CBQ: 0, COQ: 30
 result: -900

TA: ['DUR']
BA: ['ENO', 'ENAME', 'RESP', 'PNO']
CTQ: 0, CBQ: 0, COQ: 60
 result: -3600
----------------

['ENO', 'ENAME', 'RESP', 'PNO', 'DUR']

TA: ['ENO', 'ENAME', 'RESP']
BA: ['PNO', 'DUR']
CTQ: 0, CBQ: 0, COQ: 60
 result: -3600

TA: ['ENO', 'ENAME']
BA: ['RESP', 'PNO', 'DUR']
CTQ: 0, CBQ: 0, COQ: 60
 result: -3600

TA: ['ENO']
BA: ['ENAME', 'RESP', 'PNO', 'DUR']
CTQ: 0, CBQ: 0, COQ: 60
 result: -3600
----------------

['ENAME', 'RESP', 'PNO', 'DUR', 'ENO']

TA: ['ENAME', 'RESP', 'PNO']
BA: ['DUR', 'ENO']
CTQ: 0, CBQ: 30, COQ: 30
 result: -900

TA: ['ENAME', 'RESP']
BA: ['PNO', 'DUR', 'ENO']
CTQ: 0, CBQ: 30, COQ: 30
 result: -900

TA: ['ENAME']
BA: ['RESP', 'PNO', 'DUR', 'ENO']
CTQ: 0, CBQ: 30, COQ: 30
 result: -900
----------------

['RESP', 'PNO', 'DUR', 'ENO', 'ENAME']
